app/build/intermediates/manifest_merge_blame_file/debug/processDebugMainManifest/manifest-merger-blame-debug-report.txt
1<?xml version="1.0" encoding="utf-8"?>
2<manifest xmlns:android="http://schemas.android.com/apk/res/android"
3    package="com.bettertick"
4    android:versionCode="3"
5    android:versionName="0.1.2" >
6
7    <uses-sdk
8        android:minSdkVersion="28"
9        android:targetSdkVersion="34" />
10
11    <uses-permission android:name="android.permission.INTERNET" />
11-->src\main\AndroidManifest.xml:4:5-67
11-->src\main\AndroidManifest.xml:4:22-64
12    <uses-permission android:name="android.permission.ACCESS_NETWORK_STATE" />
12-->src\main\AndroidManifest.xml:5:5-79
12-->src\main\AndroidManifest.xml:5:22-76
13    <uses-permission android:name="android.permission.REQUEST_INSTALL_PACKAGES" />
13-->src\main\AndroidManifest.xml:6:5-83
13-->src\main\AndroidManifest.xml:6:22-80
14    <uses-permission android:name="android.permission.READ_MEDIA_AUDIO" />
14-->src\main\AndroidManifest.xml:7:5-75
14-->src\main\AndroidManifest.xml:7:22-72
15    <uses-permission
15-->src\main\AndroidManifest.xml:8:5-107
16        android:name="android.permission.READ_EXTERNAL_STORAGE"
16-->src\main\AndroidManifest.xml:8:22-77
17        android:maxSdkVersion="32" />
17-->src\main\AndroidManifest.xml:8:78-104
18    <uses-permission android:name="android.permission.WAKE_LOCK" />
18-->[androidx.work:work-runtime:2.9.1] AndroidManifest.xml:23:5-68
18-->[androidx.work:work-runtime:2.9.1] AndroidManifest.xml:23:22-65
19    <uses-permission android:name="android.permission.RECEIVE_BOOT_COMPLETED" />
19-->[androidx.work:work-runtime:2.9.1] AndroidManifest.xml:25:5-81
19-->[androidx.work:work-runtime:2.9.1] AndroidManifest.xml:25:22-78
20    <uses-permission android:name="android.permission.FOREGROUND_SERVICE" />
20-->[androidx.work:work-runtime:2.9.1] AndroidManifest.xml:26:5-77
20-->[androidx.work:work-runtime:2.9.1] AndroidManifest.xml:26:22-74
21
22    <permission
22-->[androidx.core:core:1.13.1] AndroidManifest.xml:22:5-24:47
23        android:name="com.bettertick.DYNAMIC_RECEIVER_NOT_EXPORTED_PERMISSION"
23-->[androidx.core:core:1.13.1] AndroidManifest.xml:23:9-81
24        android:protectionLevel="signature" />
24-->[androidx.core:core:1.13.1] AndroidManifest.xml:24:9-44
25
26    <uses-permission android:name="com.bettertick.DYNAMIC_RECEIVER_NOT_EXPORTED_PERMISSION" />
26-->[androidx.core:core:1.13.1] AndroidManifest.xml:26:5-97
26-->[androidx.core:core:1.13.1] AndroidManifest.xml:26:22-94
27    <uses-permission android:name="com.google.android.providers.gsf.permission.READ_GSERVICES" />
27-->[com.google.android.recaptcha:recaptcha:18.4.0] AndroidManifest.xml:9:5-98
27-->[com.google.android.recaptcha:recaptcha:18.4.0] AndroidManifest.xml:9:22-95
28
29    <application
29-->src\main\AndroidManifest.xml:10:5-98:19
30        android:name="com.bettertick.BetterTickApplication"
30-->src\main\AndroidManifest.xml:11:9-46
31        android:allowBackup="true"
31-->src\main\AndroidManifest.xml:12:9-35
32        android:appComponentFactory="androidx.core.app.CoreComponentFactory"
32-->[androidx.core:core:1.13.1] AndroidManifest.xml:28:18-86
33        android:debuggable="true"
34        android:extractNativeLibs="false"
35        android:icon="@mipmap/ic_launcher"
35-->src\main\AndroidManifest.xml:13:9-43
36        android:label="@string/app_name"
36-->src\main\AndroidManifest.xml:14:9-41
37        android:supportsRtl="true"
37-->src\main\AndroidManifest.xml:15:9-35
38        android:theme="@style/Theme.BetterTick" >
38-->src\main\AndroidManifest.xml:16:9-48
39        <activity
39-->src\main\AndroidManifest.xml:17:9-26:20
40            android:name="com.bettertick.MainActivity"
40-->src\main\AndroidManifest.xml:18:13-41
41            android:exported="true"
41-->src\main\AndroidManifest.xml:19:13-36
42            android:launchMode="singleTop"
42-->src\main\AndroidManifest.xml:20:13-43
43            android:theme="@style/Theme.BetterTick" >
43-->src\main\AndroidManifest.xml:21:13-52
44            <intent-filter>
44-->src\main\AndroidManifest.xml:22:13-25:29
45                <action android:name="android.intent.action.MAIN" />
45-->src\main\AndroidManifest.xml:23:17-69
45-->src\main\AndroidManifest.xml:23:25-66
46
47                <category android:name="android.intent.category.LAUNCHER" />
47-->src\main\AndroidManifest.xml:24:17-77
47-->src\main\AndroidManifest.xml:24:27-74
48            </intent-filter>
49        </activity>
50        <activity
50-->src\main\AndroidManifest.xml:28:9-33:64
51            android:name="com.bettertick.QuickAddActivity"
51-->src\main\AndroidManifest.xml:29:13-45
52            android:excludeFromRecents="true"
52-->src\main\AndroidManifest.xml:32:13-46
53            android:exported="true"
53-->src\main\AndroidManifest.xml:30:13-36
54            android:launchMode="singleInstance"
54-->src\main\AndroidManifest.xml:31:13-48
55            android:theme="@style/Theme.BetterTick.QuickAdd" />
55-->src\main\AndroidManifest.xml:33:13-61
56        <activity
56-->src\main\AndroidManifest.xml:35:9-42:65
57            android:name="com.bettertick.widget.calendar.WidgetActionDispatcher"
57-->src\main\AndroidManifest.xml:36:13-67
58            android:excludeFromRecents="true"
58-->src\main\AndroidManifest.xml:39:13-46
59            android:exported="true"
59-->src\main\AndroidManifest.xml:37:13-36
60            android:launchMode="singleTop"
60-->src\main\AndroidManifest.xml:38:13-43
61            android:noHistory="true"
61-->src\main\AndroidManifest.xml:40:13-37
62            android:taskAffinity=""
62-->src\main\AndroidManifest.xml:41:13-36
63            android:theme="@style/Theme.BetterTick.Invisible" />
63-->src\main\AndroidManifest.xml:42:13-62
64        <activity
64-->src\main\AndroidManifest.xml:44:9-51:65
65            android:name="com.bettertick.widget.calendar.WeeklyCalendarActionDispatcher"
65-->src\main\AndroidManifest.xml:45:13-75
66            android:excludeFromRecents="true"
66-->src\main\AndroidManifest.xml:48:13-46
67            android:exported="true"
67-->src\main\AndroidManifest.xml:46:13-36
68            android:launchMode="singleTop"
68-->src\main\AndroidManifest.xml:47:13-43
69            android:noHistory="true"
69-->src\main\AndroidManifest.xml:49:13-37
70            android:taskAffinity=""
70-->src\main\AndroidManifest.xml:50:13-36
71            android:theme="@style/Theme.BetterTick.Invisible" />
71-->src\main\AndroidManifest.xml:51:13-62
72        <activity
72-->src\main\AndroidManifest.xml:53:9-57:55
73            android:name="com.bettertick.widget.calendar.WidgetSettingsActivity"
73-->src\main\AndroidManifest.xml:54:13-67
74            android:exported="true"
74-->src\main\AndroidManifest.xml:55:13-36
75            android:launchMode="singleTop"
75-->src\main\AndroidManifest.xml:56:13-43
76            android:theme="@style/Theme.BetterTick" />
76-->src\main\AndroidManifest.xml:57:13-52
77
78        <receiver
78-->src\main\AndroidManifest.xml:59:9-67:20
79            android:name="com.bettertick.widget.calendar.ReminderWidgetReceiver"
79-->src\main\AndroidManifest.xml:59:19-73
80            android:exported="true"
80-->src\main\AndroidManifest.xml:60:13-36
81            android:label="@string/widget_reminder_label" >
81-->src\main\AndroidManifest.xml:61:13-58
82            <intent-filter>
82-->src\main\AndroidManifest.xml:62:13-64:29
83                <action android:name="android.appwidget.action.APPWIDGET_UPDATE" />
83-->src\main\AndroidManifest.xml:63:17-84
83-->src\main\AndroidManifest.xml:63:25-81
84            </intent-filter>
85
86            <meta-data
86-->src\main\AndroidManifest.xml:65:13-66:64
87                android:name="android.appwidget.provider"
87-->src\main\AndroidManifest.xml:65:24-65
88                android:resource="@xml/widget_reminder_info" />
88-->src\main\AndroidManifest.xml:66:17-61
89        </receiver>
90        <receiver
90-->src\main\AndroidManifest.xml:69:9-77:20
91            android:name="com.bettertick.widget.calendar.WeeklyCalendarWidgetReceiver"
91-->src\main\AndroidManifest.xml:69:19-79
92            android:exported="true"
92-->src\main\AndroidManifest.xml:70:13-36
93            android:label="@string/widget_weekly_calendar_label" >
93-->src\main\AndroidManifest.xml:71:13-65
94            <intent-filter>
94-->src\main\AndroidManifest.xml:62:13-64:29
95                <action android:name="android.appwidget.action.APPWIDGET_UPDATE" />
95-->src\main\AndroidManifest.xml:63:17-84
95-->src\main\AndroidManifest.xml:63:25-81
96            </intent-filter>
97
98            <meta-data
98-->src\main\AndroidManifest.xml:65:13-66:64
99                android:name="android.appwidget.provider"
99-->src\main\AndroidManifest.xml:65:24-65
100                android:resource="@xml/widget_weekly_calendar_info" />
100-->src\main\AndroidManifest.xml:66:17-61
101        </receiver>
102
103        <provider
104            android:name="androidx.core.content.FileProvider"
104-->src\main\AndroidManifest.xml:80:13-62
105            android:authorities="com.bettertick.fileprovider"
105-->src\main\AndroidManifest.xml:81:13-64
106            android:exported="false"
106-->src\main\AndroidManifest.xml:82:13-37
107            android:grantUriPermissions="true" >
107-->src\main\AndroidManifest.xml:83:13-47
108            <meta-data
108-->src\main\AndroidManifest.xml:84:13-86:54
109                android:name="android.support.FILE_PROVIDER_PATHS"
109-->src\main\AndroidManifest.xml:85:17-67
110                android:resource="@xml/file_paths" />
110-->src\main\AndroidManifest.xml:86:17-51
111        </provider>
112
113        <receiver
113-->src\main\AndroidManifest.xml:89:9-97:20
114            android:name="com.bettertick.widget.focus.FocusDistributionWidgetReceiver"
114-->src\main\AndroidManifest.xml:89:19-79
115            android:exported="true"
115-->src\main\AndroidManifest.xml:90:13-36
116            android:label="@string/widget_focus_distribution_label" >
116-->src\main\AndroidManifest.xml:91:13-68
117            <intent-filter>
117-->src\main\AndroidManifest.xml:62:13-64:29
118                <action android:name="android.appwidget.action.APPWIDGET_UPDATE" />
118-->src\main\AndroidManifest.xml:63:17-84
118-->src\main\AndroidManifest.xml:63:25-81
119            </intent-filter>
120
121            <meta-data
121-->src\main\AndroidManifest.xml:65:13-66:64
122                android:name="android.appwidget.provider"
122-->src\main\AndroidManifest.xml:65:24-65
123                android:resource="@xml/widget_focus_distribution_info" />
123-->src\main\AndroidManifest.xml:66:17-61
124        </receiver>
125        <!--
126        This activity is an invisible delegate activity to start scanner activity
127        and receive result, so it's unnecessary to support screen orientation and
128        we can avoid any side effect from activity recreation in any case.
129        -->
130        <activity
130-->[com.google.android.gms:play-services-mlkit-document-scanner:16.0.0-beta1] AndroidManifest.xml:15:9-21:20
131            android:name="com.google.mlkit.vision.documentscanner.internal.GmsDocumentScanningDelegateActivity"
131-->[com.google.android.gms:play-services-mlkit-document-scanner:16.0.0-beta1] AndroidManifest.xml:16:13-112
132            android:exported="false"
132-->[com.google.android.gms:play-services-mlkit-document-scanner:16.0.0-beta1] AndroidManifest.xml:17:13-37
133            android:screenOrientation="portrait"
133-->[com.google.android.gms:play-services-mlkit-document-scanner:16.0.0-beta1] AndroidManifest.xml:18:13-49
134            android:theme="@android:style/Theme.Black.NoTitleBar.Fullscreen" >
134-->[com.google.android.gms:play-services-mlkit-document-scanner:16.0.0-beta1] AndroidManifest.xml:19:13-77
135        </activity>
136
137        <provider
137-->[com.google.mlkit:common:18.10.0] AndroidManifest.xml:9:9-13:38
138            android:name="com.google.mlkit.common.internal.MlKitInitProvider"
138-->[com.google.mlkit:common:18.10.0] AndroidManifest.xml:10:13-78
139            android:authorities="com.bettertick.mlkitinitprovider"
139-->[com.google.mlkit:common:18.10.0] AndroidManifest.xml:11:13-69
140            android:exported="false"
140-->[com.google.mlkit:common:18.10.0] AndroidManifest.xml:12:13-37
141            android:initOrder="99" />
141-->[com.google.mlkit:common:18.10.0] AndroidManifest.xml:13:13-35
142
143        <service
143-->[com.google.mlkit:common:18.10.0] AndroidManifest.xml:15:9-23:19
144            android:name="com.google.mlkit.common.internal.MlKitComponentDiscoveryService"
144-->[com.google.mlkit:common:18.10.0] AndroidManifest.xml:16:13-91
145            android:directBootAware="true"
145-->[com.google.mlkit:common:18.10.0] AndroidManifest.xml:17:13-43
146            android:exported="false" >
146-->[com.google.mlkit:common:18.10.0] AndroidManifest.xml:18:13-37
147            <meta-data
147-->[com.google.mlkit:common:18.10.0] AndroidManifest.xml:20:13-22:85
148                android:name="com.google.firebase.components:com.google.mlkit.common.internal.CommonComponentRegistrar"
148-->[com.google.mlkit:common:18.10.0] AndroidManifest.xml:21:17-120
149                android:value="com.google.firebase.components.ComponentRegistrar" />
149-->[com.google.mlkit:common:18.10.0] AndroidManifest.xml:22:17-82
150        </service>
151
152        <activity
152-->[com.google.firebase:firebase-auth:23.0.0] AndroidManifest.xml:29:9-46:20
153            android:name="com.google.firebase.auth.internal.GenericIdpActivity"
153-->[com.google.firebase:firebase-auth:23.0.0] AndroidManifest.xml:30:13-80
154            android:excludeFromRecents="true"
154-->[com.google.firebase:firebase-auth:23.0.0] AndroidManifest.xml:31:13-46
155            android:exported="true"
155-->[com.google.firebase:firebase-auth:23.0.0] AndroidManifest.xml:32:13-36
156            android:launchMode="singleTask"
156-->[com.google.firebase:firebase-auth:23.0.0] AndroidManifest.xml:33:13-44
157            android:theme="@android:style/Theme.Translucent.NoTitleBar" >
157-->[com.google.firebase:firebase-auth:23.0.0] AndroidManifest.xml:34:13-72
158            <intent-filter>
158-->[com.google.firebase:firebase-auth:23.0.0] AndroidManifest.xml:35:13-45:29
159                <action android:name="android.intent.action.VIEW" />
159-->[com.google.firebase:firebase-auth:23.0.0] AndroidManifest.xml:36:17-69
159-->[com.google.firebase:firebase-auth:23.0.0] AndroidManifest.xml:36:25-66
160
161                <category android:name="android.intent.category.DEFAULT" />
161-->[com.google.firebase:firebase-auth:23.0.0] AndroidManifest.xml:38:17-76
161-->[com.google.firebase:firebase-auth:23.0.0] AndroidManifest.xml:38:27-73
162                <category android:name="android.intent.category.BROWSABLE" />
162-->[com.google.firebase:firebase-auth:23.0.0] AndroidManifest.xml:39:17-78
162-->[com.google.firebase:firebase-auth:23.0.0] AndroidManifest.xml:39:27-75
163
164                <data
164-->[com.google.firebase:firebase-auth:23.0.0] AndroidManifest.xml:41:17-44:51
165                    android:host="firebase.auth"
165-->[com.google.firebase:firebase-auth:23.0.0] AndroidManifest.xml:42:21-49
166                    android:path="/"
166-->[com.google.firebase:firebase-auth:23.0.0] AndroidManifest.xml:43:21-37
167                    android:scheme="genericidp" />
167-->[com.google.firebase:firebase-auth:23.0.0] AndroidManifest.xml:44:21-48
168            </intent-filter>
169        </activity>
170        <activity
170-->[com.google.firebase:firebase-auth:23.0.0] AndroidManifest.xml:47:9-64:20
171            android:name="com.google.firebase.auth.internal.RecaptchaActivity"
171-->[com.google.firebase:firebase-auth:23.0.0] AndroidManifest.xml:48:13-79
172            android:excludeFromRecents="true"
172-->[com.google.firebase:firebase-auth:23.0.0] AndroidManifest.xml:49:13-46
173            android:exported="true"
173-->[com.google.firebase:firebase-auth:23.0.0] AndroidManifest.xml:50:13-36
174            android:launchMode="singleTask"
174-->[com.google.firebase:firebase-auth:23.0.0] AndroidManifest.xml:51:13-44
175            android:theme="@android:style/Theme.Translucent.NoTitleBar" >
175-->[com.google.firebase:firebase-auth:23.0.0] AndroidManifest.xml:52:13-72
176            <intent-filter>
176-->[com.google.firebase:firebase-auth:23.0.0] AndroidManifest.xml:53:13-63:29
177                <action android:name="android.intent.action.VIEW" />
177-->[com.google.firebase:firebase-auth:23.0.0] AndroidManifest.xml:36:17-69
177-->[com.google.firebase:firebase-auth:23.0.0] AndroidManifest.xml:36:25-66
178
179                <category android:name="android.intent.category.DEFAULT" />
179-->[com.google.firebase:firebase-auth:23.0.0] AndroidManifest.xml:38:17-76
179-->[com.google.firebase:firebase-auth:23.0.0] AndroidManifest.xml:38:27-73
180                <category android:name="android.intent.category.BROWSABLE" />
180-->[com.google.firebase:firebase-auth:23.0.0] AndroidManifest.xml:39:17-78
180-->[com.google.firebase:firebase-auth:23.0.0] AndroidManifest.xml:39:27-75
181
182                <data
182-->[com.google.firebase:firebase-auth:23.0.0] AndroidManifest.xml:41:17-44:51
183                    android:host="firebase.auth"
183-->[com.google.firebase:firebase-auth:23.0.0] AndroidManifest.xml:42:21-49
184                    android:path="/"
184-->[com.google.firebase:firebase-auth:23.0.0] AndroidManifest.xml:43:21-37
185                    android:scheme="recaptcha" />
185-->[com.google.firebase:firebase-auth:23.0.0] AndroidManifest.xml:44:21-48
186            </intent-filter>
187        </activity>
188
189        <service
189-->[com.google.firebase:firebase-auth:23.0.0] AndroidManifest.xml:66:9-72:19
190            android:name="com.google.firebase.components.ComponentDiscoveryService"
190-->[com.google.firebase:firebase-auth:23.0.0] AndroidManifest.xml:67:13-84
191            android:directBootAware="true"
191-->[com.google.firebase:firebase-common:21.0.0] AndroidManifest.xml:32:13-43
192            android:exported="false" >
192-->[com.google.firebase:firebase-auth:23.0.0] AndroidManifest.xml:68:13-37
193            <meta-data
193-->[com.google.firebase:firebase-auth:23.0.0] AndroidManifest.xml:69:13-71:85
194                android:name="com.google.firebase.components:com.google.firebase.auth.FirebaseAuthRegistrar"
194-->[com.google.firebase:firebase-auth:23.0.0] AndroidManifest.xml:70:17-109
195                android:value="com.google.firebase.components.ComponentRegistrar" />
195-->[com.google.firebase:firebase-auth:23.0.0] AndroidManifest.xml:71:17-82
196            <meta-data
196-->[com.google.firebase:firebase-firestore:25.0.0] AndroidManifest.xml:17:13-19:85
197                android:name="com.google.firebase.components:com.google.firebase.firestore.FirebaseFirestoreKtxRegistrar"
197-->[com.google.firebase:firebase-firestore:25.0.0] AndroidManifest.xml:18:17-122
198                android:value="com.google.firebase.components.ComponentRegistrar" />
198-->[com.google.firebase:firebase-firestore:25.0.0] AndroidManifest.xml:19:17-82
199            <meta-data
199-->[com.google.firebase:firebase-firestore:25.0.0] AndroidManifest.xml:20:13-22:85
200                android:name="com.google.firebase.components:com.google.firebase.firestore.FirestoreRegistrar"
200-->[com.google.firebase:firebase-firestore:25.0.0] AndroidManifest.xml:21:17-111
201                android:value="com.google.firebase.components.ComponentRegistrar" />
201-->[com.google.firebase:firebase-firestore:25.0.0] AndroidManifest.xml:22:17-82
202            <meta-data
202-->[com.google.firebase:firebase-common-ktx:21.0.0] AndroidManifest.xml:12:13-14:85
203                android:name="com.google.firebase.components:com.google.firebase.ktx.FirebaseCommonLegacyRegistrar"
203-->[com.google.firebase:firebase-common-ktx:21.0.0] AndroidManifest.xml:13:17-116
204                android:value="com.google.firebase.components.ComponentRegistrar" />
204-->[com.google.firebase:firebase-common-ktx:21.0.0] AndroidManifest.xml:14:17-82
205            <meta-data
205-->[com.google.firebase:firebase-common:21.0.0] AndroidManifest.xml:35:13-37:85
206                android:name="com.google.firebase.components:com.google.firebase.FirebaseCommonKtxRegistrar"
206-->[com.google.firebase:firebase-common:21.0.0] AndroidManifest.xml:36:17-109
207                android:value="com.google.firebase.components.ComponentRegistrar" />
207-->[com.google.firebase:firebase-common:21.0.0] AndroidManifest.xml:37:17-82
208        </service>
209
210        <activity
210-->[androidx.glance:glance-appwidget:1.1.1] AndroidManifest.xml:23:9-28:62
211            android:name="androidx.glance.appwidget.action.ActionTrampolineActivity"
211-->[androidx.glance:glance-appwidget:1.1.1] AndroidManifest.xml:24:13-85
212            android:enabled="true"
212-->[androidx.glance:glance-appwidget:1.1.1] AndroidManifest.xml:25:13-35
213            android:excludeFromRecents="true"
213-->[androidx.glance:glance-appwidget:1.1.1] AndroidManifest.xml:26:13-46
214            android:exported="false"
214-->[androidx.glance:glance-appwidget:1.1.1] AndroidManifest.xml:27:13-37
215            android:theme="@android:style/Theme.NoDisplay" />
215-->[androidx.glance:glance-appwidget:1.1.1] AndroidManifest.xml:28:13-59
216        <activity
216-->[androidx.glance:glance-appwidget:1.1.1] AndroidManifest.xml:29:9-36:81
217            android:name="androidx.glance.appwidget.action.InvisibleActionTrampolineActivity"
217-->[androidx.glance:glance-appwidget:1.1.1] AndroidManifest.xml:30:13-94
218            android:enabled="true"
218-->[androidx.glance:glance-appwidget:1.1.1] AndroidManifest.xml:31:13-35
219            android:exported="false"
219-->[androidx.glance:glance-appwidget:1.1.1] AndroidManifest.xml:32:13-37
220            android:launchMode="singleInstance"
220-->[androidx.glance:glance-appwidget:1.1.1] AndroidManifest.xml:33:13-48
221            android:noHistory="true"
221-->[androidx.glance:glance-appwidget:1.1.1] AndroidManifest.xml:34:13-37
222            android:taskAffinity="androidx.glance.appwidget.ListAdapterCallbackTrampoline"
222-->[androidx.glance:glance-appwidget:1.1.1] AndroidManifest.xml:35:13-91
223            android:theme="@style/Widget.Glance.AppWidget.CallbackTrampoline" />
223-->[androidx.glance:glance-appwidget:1.1.1] AndroidManifest.xml:36:13-78
224
225        <receiver
225-->[androidx.glance:glance-appwidget:1.1.1] AndroidManifest.xml:38:9-41:40
226            android:name="androidx.glance.appwidget.action.ActionCallbackBroadcastReceiver"
226-->[androidx.glance:glance-appwidget:1.1.1] AndroidManifest.xml:39:13-92
227            android:enabled="true"
227-->[androidx.glance:glance-appwidget:1.1.1] AndroidManifest.xml:40:13-35
228            android:exported="false" />
228-->[androidx.glance:glance-appwidget:1.1.1] AndroidManifest.xml:41:13-37
229        <receiver
229-->[androidx.glance:glance-appwidget:1.1.1] AndroidManifest.xml:42:9-45:40
230            android:name="androidx.glance.appwidget.UnmanagedSessionReceiver"
230-->[androidx.glance:glance-appwidget:1.1.1] AndroidManifest.xml:43:13-78
231            android:enabled="true"
231-->[androidx.glance:glance-appwidget:1.1.1] AndroidManifest.xml:44:13-35
232            android:exported="false" />
232-->[androidx.glance:glance-appwidget:1.1.1] AndroidManifest.xml:45:13-37
233        <receiver
233-->[androidx.glance:glance-appwidget:1.1.1] AndroidManifest.xml:46:9-53:20
234            android:name="androidx.glance.appwidget.MyPackageReplacedReceiver"
234-->[androidx.glance:glance-appwidget:1.1.1] AndroidManifest.xml:47:13-79
235            android:enabled="true"
235-->[androidx.glance:glance-appwidget:1.1.1] AndroidManifest.xml:48:13-35
236            android:exported="false" >
236-->[androidx.glance:glance-appwidget:1.1.1] AndroidManifest.xml:49:13-37
237            <intent-filter>
237-->[androidx.glance:glance-appwidget:1.1.1] AndroidManifest.xml:50:13-52:29
238                <action android:name="android.intent.action.MY_PACKAGE_REPLACED" />
238-->[androidx.glance:glance-appwidget:1.1.1] AndroidManifest.xml:51:17-84
238-->[androidx.glance:glance-appwidget:1.1.1] AndroidManifest.xml:51:25-81
239            </intent-filter>
240        </receiver>
241
242        <service
242-->[androidx.glance:glance-appwidget:1.1.1] AndroidManifest.xml:55:9-58:72
243            android:name="androidx.glance.appwidget.GlanceRemoteViewsService"
243-->[androidx.glance:glance-appwidget:1.1.1] AndroidManifest.xml:56:13-78
244            android:exported="true"
244-->[androidx.glance:glance-appwidget:1.1.1] AndroidManifest.xml:57:13-36
245            android:permission="android.permission.BIND_REMOTEVIEWS" />
245-->[androidx.glance:glance-appwidget:1.1.1] AndroidManifest.xml:58:13-69
246
247        <provider
247-->[androidx.work:work-runtime:2.9.1] AndroidManifest.xml:29:9-37:20
248            android:name="androidx.startup.InitializationProvider"
248-->[androidx.work:work-runtime:2.9.1] AndroidManifest.xml:30:13-67
249            android:authorities="com.bettertick.androidx-startup"
249-->[androidx.work:work-runtime:2.9.1] AndroidManifest.xml:31:13-68
250            android:exported="false" >
250-->[androidx.work:work-runtime:2.9.1] AndroidManifest.xml:32:13-37
251            <meta-data
251-->[androidx.work:work-runtime:2.9.1] AndroidManifest.xml:34:13-36:52
252                android:name="androidx.work.WorkManagerInitializer"
252-->[androidx.work:work-runtime:2.9.1] AndroidManifest.xml:35:17-68
253                android:value="androidx.startup" />
253-->[androidx.work:work-runtime:2.9.1] AndroidManifest.xml:36:17-49
254            <meta-data
254-->[androidx.emoji2:emoji2:1.3.0] AndroidManifest.xml:29:13-31:52
255                android:name="androidx.emoji2.text.EmojiCompatInitializer"
255-->[androidx.emoji2:emoji2:1.3.0] AndroidManifest.xml:30:17-75
256                android:value="androidx.startup" />
256-->[androidx.emoji2:emoji2:1.3.0] AndroidManifest.xml:31:17-49
257            <meta-data
257-->[androidx.lifecycle:lifecycle-process:2.8.3] AndroidManifest.xml:29:13-31:52
258                android:name="androidx.lifecycle.ProcessLifecycleInitializer"
258-->[androidx.lifecycle:lifecycle-process:2.8.3] AndroidManifest.xml:30:17-78
259                android:value="androidx.startup" />
259-->[androidx.lifecycle:lifecycle-process:2.8.3] AndroidManifest.xml:31:17-49
260            <meta-data
260-->[androidx.profileinstaller:profileinstaller:1.3.1] AndroidManifest.xml:29:13-31:52
261                android:name="androidx.profileinstaller.ProfileInstallerInitializer"
261-->[androidx.profileinstaller:profileinstaller:1.3.1] AndroidManifest.xml:30:17-85
262                android:value="androidx.startup" />
262-->[androidx.profileinstaller:profileinstaller:1.3.1] AndroidManifest.xml:31:17-49
263        </provider>
264
265        <service
265-->[androidx.work:work-runtime:2.9.1] AndroidManifest.xml:39:9-45:35
266            android:name="androidx.work.impl.background.systemalarm.SystemAlarmService"
266-->[androidx.work:work-runtime:2.9.1] AndroidManifest.xml:40:13-88
267            android:directBootAware="false"
267-->[androidx.work:work-runtime:2.9.1] AndroidManifest.xml:41:13-44
268            android:enabled="@bool/enable_system_alarm_service_default"
268-->[androidx.work:work-runtime:2.9.1] AndroidManifest.xml:42:13-72
269            android:exported="false" />
269-->[androidx.work:work-runtime:2.9.1] AndroidManifest.xml:43:13-37
270        <service
270-->[androidx.work:work-runtime:2.9.1] AndroidManifest.xml:46:9-52:35
271            android:name="androidx.work.impl.background.systemjob.SystemJobService"
271-->[androidx.work:work-runtime:2.9.1] AndroidManifest.xml:47:13-84
272            android:directBootAware="false"
272-->[androidx.work:work-runtime:2.9.1] AndroidManifest.xml:48:13-44
273            android:enabled="@bool/enable_system_job_service_default"
273-->[androidx.work:work-runtime:2.9.1] AndroidManifest.xml:49:13-70
274            android:exported="true"
274-->[androidx.work:work-runtime:2.9.1] AndroidManifest.xml:50:13-36
275            android:permission="android.permission.BIND_JOB_SERVICE" />
275-->[androidx.work:work-runtime:2.9.1] AndroidManifest.xml:51:13-69
276        <service
276-->[androidx.work:work-runtime:2.9.1] AndroidManifest.xml:53:9-59:35
277            android:name="androidx.work.impl.foreground.SystemForegroundService"
277-->[androidx.work:work-runtime:2.9.1] AndroidManifest.xml:54:13-81
278            android:directBootAware="false"
278-->[androidx.work:work-runtime:2.9.1] AndroidManifest.xml:55:13-44
279            android:enabled="@bool/enable_system_foreground_service_default"
279-->[androidx.work:work-runtime:2.9.1] AndroidManifest.xml:56:13-77
280            android:exported="false" />
280-->[androidx.work:work-runtime:2.9.1] AndroidManifest.xml:57:13-37
281
282        <receiver
282-->[androidx.work:work-runtime:2.9.1] AndroidManifest.xml:61:9-66:35
283            android:name="androidx.work.impl.utils.ForceStopRunnable$BroadcastReceiver"
283-->[androidx.work:work-runtime:2.9.1] AndroidManifest.xml:62:13-88
284            android:directBootAware="false"
284-->[androidx.work:work-runtime:2.9.1] AndroidManifest.xml:63:13-44
285            android:enabled="true"
285-->[androidx.work:work-runtime:2.9.1] AndroidManifest.xml:64:13-35
286            android:exported="false" />
286-->[androidx.work:work-runtime:2.9.1] AndroidManifest.xml:65:13-37
287        <receiver
287-->[androidx.work:work-runtime:2.9.1] AndroidManifest.xml:67:9-77:20
288            android:name="androidx.work.impl.background.systemalarm.ConstraintProxy$BatteryChargingProxy"
288-->[androidx.work:work-runtime:2.9.1] AndroidManifest.xml:68:13-106
289            android:directBootAware="false"
289-->[androidx.work:work-runtime:2.9.1] AndroidManifest.xml:69:13-44
290            android:enabled="false"
290-->[androidx.work:work-runtime:2.9.1] AndroidManifest.xml:70:13-36
291            android:exported="false" >